### config/biosample
Tried to load unspecified class: Time
### config/chebi
### config/chembl
### config/chip-atlas
### config/civic
### config/clinvar
### config/dbcatalog
WARNING: Multiple object names (xref_similardb, xref_togotv, xref_dbarchive) are set in the same property path (rdfs:seeAlso).
WARNING: Multiple object names (theme_tag, taxonomy_id) are set in the same property path (dcat:theme).
### config/dbnsfp
WARNING: Multiple object names (allele_conservation_cscore, allele_conservation_crankscore) are set in the same property path (dbnsfp:hasConservation / sio:SIO_000216).
### config/dbscsnv
### config/dbsnp
### config/dbvar
### config/ddbj
WARNING: Multiple object names (bioproject, biosample) are set in the same property path (insdc_ontology:dbxref).
WARNING: Multiple object names (reference1, reference2) are set in the same property path (insdc_ontology:reference).
WARNING: Multiple object names (feature, source_feature) are set in the same property path (insdc_ontology:sequence / obo:so_part_of).
WARNING: Multiple object names (ddbj, ena, genbank) are set in the same property path (insdc_ontology:sequence / rdfs:seeAlso).
### config/dgidb
### config/ensembl
### config/exac
WARNING: Multiple object names (browser, homepage) are set in the same property path (rdfs:seeAlso).
### config/expressionatlas
### config/famsbase
ERROR: Invalid configuration. Please check the setting in model.yaml file.
  Prefix (famso) used in rdf:type (famso:Protein3DModel) but not defined in prefix.yaml file.
  Prefix (dcterms) used in predicate (dcterms:identifier) but not defined in prefix.yaml file.
  Invalid subject name (protein_structure) in model.yaml file. Subject name must start with a capital letter and only alphanumeric characters can be used in subject name.
  Invalid subject name (protein_modelling) in model.yaml file. Subject name must start with a capital letter and only alphanumeric characters can be used in subject name.
  Invalid subject name (input_alignment) in model.yaml file. Subject name must start with a capital letter and only alphanumeric characters can be used in subject name.
  Invalid subject name (pdb_region) in model.yaml file. Subject name must start with a capital letter and only alphanumeric characters can be used in subject name.
  Invalid subject name (refseq_region) in model.yaml file. Subject name must start with a capital letter and only alphanumeric characters can be used in subject name.
  Invalid subject name (begin) in model.yaml file. Subject name must start with a capital letter and only alphanumeric characters can be used in subject name.
  Invalid subject name (end) in model.yaml file. Subject name must start with a capital letter and only alphanumeric characters can be used in subject name.
  Invalid subject name (local_alignment) in model.yaml file. Subject name must start with a capital letter and only alphanumeric characters can be used in subject name.
  Invalid subject name (na_sequence) in model.yaml file. Subject name must start with a capital letter and only alphanumeric characters can be used in subject name.
  Duplicate variable name (begin) in model.yaml file.
  Duplicate variable name (end) in model.yaml file.
  Duplicate variable name (begin_position) in model.yaml file.
  Duplicate variable name (reference) in model.yaml file.
### config/ggdonto
### config/glycosmos
WARNING: Subject (Uberon) has no rdf:type.
WARNING: Subject (WurcsURI) has no rdf:type.
WARNING: Subject (IUPACcondensed) has no rdf:type.
WARNING: Multiple object names (iupac_condensed, glycam_condensed, wurcs) are set in the same property path (glycan:has_glycosequence).
WARNING: Multiple object names (resent, jcggdb) are set in the same property path (glycan:has_resource_entry).
WARNING: Multiple object names (doi, pubmed) are set in the same property path (rdfs:seeAlso / dcterms:references).
### config/glytoucan
ERROR: Invalid configuration. Please check the setting in model.yaml file.
  RDF object data (predicate is 'dc:format') in model.yaml is not an array. Please specify the RDF object data as an array.
  RDF object data (predicate is 'glycan:has_symbol_format') in model.yaml is not an array. Please specify the RDF object data as an array.
### config/go
### config/gwascatalog
Tried to load unspecified class: Time
### config/hco
WARNING: Subject (Chromosome) has no rdf:type.
### config/hgnc
### config/hint
WARNING: Multiple object names (pair0, pair1) are set in the same property path (bp3:participant / obo:BFO_0000051).
### config/homologene
### config/hop
### config/hpo
### config/instruct
WARNING: Multiple object names (pair0, pair1) are set in the same property path (bp3:participant / obo:BFO_0000051).
### config/interview-form
### config/jcm
WARNING: Multiple object names (meo_environmental_feature, pdo_environmental_feature) are set in the same property path (mccv:MCCV_0000072 / mccv:MCCV_000071).
### config/jpostdb
### config/kero
WARNING: Multiple object names (bs_region, bs_location_position) are set in the same property path (faldo:location).
WARNING: Multiple object names (strong_enhancer, weak_enhancer, inactive_region, active_promoter, weak_or_poised_promoter, low_or_no_signal, transcriptional_elongation, inactive_region_or_heterochroma) are set in the same property path (kero:hasChromHMM).
WARNING: Multiple object names (ncbigene, refseq) are set in the same property path (kero:gene).
WARNING: Multiple object names (region, snv_location_position) are set in the same property path (kero:hasVariationSite / faldo:location).
WARNING: Multiple object names (allele1, allele2) are set in the same property path (kero:hasVariationSite / ensemblevariation:has_allele).
WARNING: Multiple object names (tss_region, tss_location_position) are set in the same property path (faldo:location).
### config/linked_icgc
WARNING: Multiple object names (effect, detection) are set in the same property path (ivocab:mutation).
### config/mbgd
Tried to load unspecified class: Time
### config/medgen
WARNING: Subject (MedgenUid) has no rdf:type.
### config/mesh
### config/mondo
### config/nadd
WARNING: Multiple object names (company, wikidata) are set in the same property path (innovation:developedBy).
WARNING: Multiple object names (type_so, type_ncit) are set in the same property path (sio:SIO_000223).
WARNING: Multiple object names (uniprot_id, pdb_id) are set in the same property path (sio:SIO_010423).
WARNING: Multiple object names (product_name, sequence) are set in the same property path (rdfs:label).
### config/nando
WARNING: Multiple object names (label_ja, label_en, label_hira) are set in the same property path (rdfs:label).
WARNING: Multiple object names (alt_label_ja, alt_label_en) are set in the same property path (skos:altLabel).
### config/nbrc
### config/nikkaji
WARNING: Multiple object names (kegg_drug, kegg_compound) are set in the same property path (skos:closeMatch).
WARNING: Multiple object names (chem_formula, chem_formula_in_plain_text) are set in the same property path (jst:chem-formula).
WARNING: Multiple object names (rtecs_number, miti_number, einecs_number, tsca_cas_number, un_recommendations) are set in the same property path (jst:regulation-number).
WARNING: Multiple object names (standard_inchikey, standard_inchi, average_molecular_weight, canonical_smiles, molecular_formula) are set in the same property path (owl:sameAs / sio:CHEMINF_000200).
### config/opentggates
WARNING: Multiple object names (probe_links1, probe_links2) are set in the same property path (ontology:hasControlSample / ontology:chip / sio:SIO_000216 / ontology:probe / rdfs:seeAlso).
WARNING: Multiple object names (log2_probe, pvalue_probe, pacall_probe) are set in the same property path (sio:SIO_000216 / ontology:probe).
WARNING: Multiple object names (compound_links1, compound_links2, compound_links3) are set in the same property path (ontology:hasControlSample / ontology:experimentalCondition / ontology:exposedCompound / rdfs:seeAlso).
WARNING: Multiple object names (label_en, label_ja) are set in the same property path (ontology:grade / rdfs:label).
WARNING: Multiple object names (findings_label_en, findings_label_ja) are set in the same property path (ontology:findings / rdfs:label).
WARNING: Multiple object names (lesion_en, lesion_ja) are set in the same property path (ontology:findings / ontology:lesion).
WARNING: Multiple object names (topography_label_en, topography_label_ja) are set in the same property path (ontology:topography / rdfs:label).
### config/paconto
WARNING: Multiple object names (upec, ecoli) are set in the same property path (gmsch:causedBy).
### config/pdb
WARNING: Multiple object names (pdbj, ebi, rcsb) are set in the same property path (rdfs:seeAlso).
### config/pgdbj
WARNING: Multiple object names (equivalent_class_cluster, equivalent_class_protein, equivalent_class_gene) are set in the same property path (owl:equivalentClass).
WARNING: Multiple object names (resource, dataset_void, dataset_dctype, collection_dctype, collection_skos, ortholog_group, paralog_group, homolog_group, sequence_unit, obo, organism) are set in the same property path (rdfs:subClassOf / rdfs:subClassOf).
WARNING: Multiple object names (on_property_organism, on_property_indataset, on_property_member) are set in the same property path (rdfs:subClassOf / owl:onProperty).
WARNING: Multiple object names (allvalues_from_organism, allvalues_from_dataset, allvalues_from_unionof) are set in the same property path (rdfs:subClassOf / owl:allValuesFrom).
WARNING: Multiple object names (union_of_group, union_of_sequenceunit) are set in the same property path (rdfs:subClassOf / owl:allValuesFrom / owl:unionOf).
WARNING: Multiple object names (relation_domain_resource, relation_domain_group, relation_domain_sequenceunit) are set in the same property path (rdfs:domain).
WARNING: Multiple object names (relation_range_resource, relation_range_dataset, relation_range_unionof, relation_range_sequenceunit, relation_range_gene, relation_range_protein, relation_range_transcript, relation_range_organism, relation_range_taxon) are set in the same property path (rdfs:range).
WARNING: Multiple object names (subpropertyof_dct_relation, subpropertyof_orth_relation, subpropertyof_groupmembership_relation, subpropertyof_void_indataset, subpropertyof_dct_ispartof, subpropertyof_rdfs_member, subpropertyof_skos_member, subpropertyof_pairwise_relation, subpropertyof_homolog, subpropertyof_reference, subpropertyof_crossreference, subpropertyof_organism) are set in the same property path (rdfs:subPropertyOf).
WARNING: Multiple object names (datatype_domain_resource, datatype_domain_group, datatype_domain_unionof) are set in the same property path (rdfs:domain).
WARNING: Multiple object names (subpropertyof_rdfvalue, subpropertyof_orthvalue, subpropertyof_groupvalue) are set in the same property path (rdfs:subPropertyOf).
### config/pubchem
WARNING: Subject (PubChemEndpoint) has no rdf:type.
### config/pubmed
### config/quanto
### config/reactome
### config/refex
### config/rhea
WARNING: Multiple object names (sub_class_of_chebi, sub_class_of_smallmolecule) are set in the same property path (rdfs:subClassOf).
### config/ssbd
### config/test
### config/togoid
### config/togovar
ERROR: Invalid configuration. Please check the setting in model.yaml file.
  Prefix (dc) used in predicate (dc:source) but not defined in prefix.yaml file.
### config/uniprot
WARNING: Multiple object names (activity_regulation_annotation, allergen_annotation, alternative_sequence_annotation, natural_variant_annotation, alternative_initiation_annotation, alternative_promoter_usage_annotation, alternative_splicing_annotation, ribosomal_frameshifting, absorption_annotation, kinetics_annotation, ph_dependence_annotation, redox_potential_annotation, temperature_dependence_annotation, biotechnology_annotation, catalitic_activity_annotation, caution_annotation, cofactor_annotation, developmental_stage_annotation, disease_annotation, disruption_phenotype_annotation, domain_annotation, function_annotation, induction_annotation, pathway_annotation, pharmaceutical_annotation, polymorphism_annotation, ptm_annotation, rna_editing_annotation, beta_strand_annotation, helix_annotation, turn_annotation, active_site_annotation, binding_site_annotation, metal_binding_annotation, chain_annotation, initiator_methionine_annotation, peptide_annotation, propeptide_annotation, signal_peptide_annotation, transit_peptide_annotation, cross_link_annotation, disulfide_bond_annotation, glycosylation_annotation, lipidation_annotation, modified_residue_annotation, non_standard_residue_annotation, calcium_binding_annotation, coiled_coil_annotation, compositional_bias_annotation, domain_extent_annotation, intramembrane_annotation, motif_annotation, np_binding_annotation, nucleotide_binding_annotation, repeat_annotation, topological_domain_annotation, transmembrane_annotation, zinc_finger_annotation, erroneous_gene_model_prediction_annotation, erroneous_initiation_annotation, erroneous_termination_annotation, erroneous_translation_annotation, frameshift_annotation, mass_spectrometry_annotation, mutagenesis_annotation, non_adjacent_residues_annotation, non_terminal_residues_annotation, sequence_confilict_annotation, sequence_uncertainty_annotation, similarity_annotation, subcellular_location_annotation, subunit_annotation, tissue_specificity_annotation, toxic_dose_annotation) are set in the same property path (core:annotation).
WARNING: Multiple object names (self_interaction, non_self_interaction) are set in the same property path (core:interaction).
WARNING: Multiple object names (book_citation, electronic_citation, journal_citation, patent_citation, submission_citation, thesis_citation, observation_citation) are set in the same property path (core:citation).
### config/vg
### config/wurcs
WARNING: Multiple object names (has_lin1, has_lin2, has_lin3) are set in the same property path (wurcs:has_LIN).
WARNING: Multiple object names (has_monosaccharide1, has_monosaccharide2, has_monosaccharide3) are set in the same property path (wurcs:has_monosaccharide).
WARNING: Multiple object names (has_unique_res1, has_unique_res2, has_unique_res3) are set in the same property path (wurcs:has_uniqueRES).
WARNING: Multiple object names (has_glips1, has_glips2) are set in the same property path (wurcs:has_GLIPS).
WARNING: Multiple object names (has_lin4, has_lin5) are set in the same property path (wurcs:has_LIN).
